2016-10-15 23:25:57,568 root INFO ########### IN - index ###########
2016-10-15 23:25:57,568 root INFO ########### FROM - _wrapped_view ###########
2016-10-15 23:25:57,569 root INFO ########### HAS - ArgInfo(args=['request'], varargs=None, keywords=None, locals={'request': <WSGIRequest: GET '/'>}) ###########
2016-10-15 23:25:57,569 root INFO ########### Index page rendering ###########
2016-10-15 23:25:57,569 root INFO ########### IN - init_session ###########
2016-10-15 23:25:57,569 root INFO ########### FROM - index ###########
2016-10-15 23:25:57,569 root INFO ########### HAS - ArgInfo(args=['request'], varargs=None, keywords=None, locals={'request': <WSGIRequest: GET '/'>}) ###########
2016-10-15 23:25:57,569 root DEBUG ########### Init the session data ###########
2016-10-15 23:25:57,844 root INFO ########### IN - index ###########
2016-10-15 23:25:57,845 root INFO ########### FROM - _wrapped_view ###########
2016-10-15 23:25:57,845 root INFO ########### HAS - ArgInfo(args=['request'], varargs=None, keywords=None, locals={'request': <WSGIRequest: GET '/'>}) ###########
2016-10-15 23:25:57,845 root INFO ########### Index page rendering ###########
2016-10-15 23:25:57,845 root INFO ########### IN - init_session ###########
2016-10-15 23:25:57,845 root INFO ########### FROM - index ###########
2016-10-15 23:25:57,845 root INFO ########### HAS - ArgInfo(args=['request'], varargs=None, keywords=None, locals={'request': <WSGIRequest: GET '/'>}) ###########
2016-10-15 23:25:57,845 root DEBUG ########### Init the session data ###########
2016-10-15 23:26:01,456 root INFO ########### IN - get_expressions ###########
2016-10-15 23:26:01,456 root INFO ########### FROM - index ###########
2016-10-15 23:26:01,457 root INFO ########### HAS - ArgInfo(args=['person_id'], varargs=None, keywords=None, locals={'person_id': 'asd123'}) ###########
2016-10-15 23:26:01,457 root DEBUG ########### Fetching expressions interface.. ###########
2016-10-15 23:26:01,457 root INFO ########### IN - get_expressions_logic ###########
2016-10-15 23:26:01,457 root INFO ########### FROM - get_expressions ###########
2016-10-15 23:26:01,457 root INFO ########### HAS - ArgInfo(args=['person_id'], varargs=None, keywords=None, locals={'person_id': 'asd123'}) ###########
2016-10-15 23:26:01,457 root DEBUG ########### Get Expressions Logic ###########
2016-10-15 23:26:01,458 httpstream INFO > GET http://app57701423-8gEB8r%3AJ2B1pBNGviieYNm1bNiS@hobby-lgmhhkicjildgbkedmhpafnl.dbs.graphenedb.com:24789/db/data/
2016-10-15 23:26:01,458 httpstream DEBUG > Host: hobby-lgmhhkicjildgbkedmhpafnl.dbs.graphenedb.com:24789
2016-10-15 23:26:01,458 httpstream DEBUG > X-Stream: true
2016-10-15 23:26:01,458 httpstream DEBUG > Authorization: Basic YXBwNTc3MDE0MjMtOGdFQjhyOkoyQjFwQk5HdmlpZVlObTFiTmlT
2016-10-15 23:26:01,458 httpstream DEBUG > User-Agent: py2neo/2.0.7 HTTPStream/1.5.0 Python/2.7.10-final-0 (darwin)
2016-10-15 23:26:01,458 root INFO ########### IN - get_expressions ###########
2016-10-15 23:26:01,458 root INFO ########### FROM - index ###########
2016-10-15 23:26:01,459 root INFO ########### HAS - ArgInfo(args=['person_id'], varargs=None, keywords=None, locals={'person_id': 'asd123'}) ###########
2016-10-15 23:26:01,459 root DEBUG ########### Fetching expressions interface.. ###########
2016-10-15 23:26:01,459 root INFO ########### IN - get_expressions_logic ###########
2016-10-15 23:26:01,459 root INFO ########### FROM - get_expressions ###########
2016-10-15 23:26:01,459 root INFO ########### HAS - ArgInfo(args=['person_id'], varargs=None, keywords=None, locals={'person_id': 'asd123'}) ###########
2016-10-15 23:26:01,459 root DEBUG ########### Get Expressions Logic ###########
2016-10-15 23:26:01,459 httpstream INFO > GET http://app57701423-8gEB8r%3AJ2B1pBNGviieYNm1bNiS@hobby-lgmhhkicjildgbkedmhpafnl.dbs.graphenedb.com:24789/db/data/
2016-10-15 23:26:01,459 httpstream DEBUG > Host: hobby-lgmhhkicjildgbkedmhpafnl.dbs.graphenedb.com:24789
2016-10-15 23:26:01,459 httpstream DEBUG > X-Stream: true
2016-10-15 23:26:01,459 httpstream DEBUG > Authorization: Basic YXBwNTc3MDE0MjMtOGdFQjhyOkoyQjFwQk5HdmlpZVlObTFiTmlT
2016-10-15 23:26:01,459 httpstream DEBUG > User-Agent: py2neo/2.0.7 HTTPStream/1.5.0 Python/2.7.10-final-0 (darwin)
2016-10-15 23:26:03,195 httpstream INFO < 200 OK [1287]
2016-10-15 23:26:03,196 httpstream DEBUG < content-length: 1287
2016-10-15 23:26:03,196 httpstream DEBUG < server: nginx
2016-10-15 23:26:03,196 httpstream INFO < 200 OK [1287]
2016-10-15 23:26:03,196 httpstream DEBUG < connection: keep-alive
2016-10-15 23:26:03,196 httpstream DEBUG < content-length: 1287
2016-10-15 23:26:03,197 httpstream DEBUG < date: Sat, 15 Oct 2016 17:56:03 GMT
2016-10-15 23:26:03,197 httpstream DEBUG < server: nginx
2016-10-15 23:26:03,197 httpstream DEBUG < access-control-allow-origin: *
2016-10-15 23:26:03,197 httpstream DEBUG < connection: keep-alive
2016-10-15 23:26:03,197 httpstream DEBUG < content-type: application/json; charset=UTF-8
2016-10-15 23:26:03,197 httpstream DEBUG < date: Sat, 15 Oct 2016 17:56:03 GMT
2016-10-15 23:26:03,198 py2neo.cypher INFO execute "MATCH (n:ExpressionGraph) -[:IN_TOPIC]->(Topic{name:'naarada'}), (a:Person{person_id: 'asd123'})-[:EXPRESSED]->(n) RETURN n" {}
2016-10-15 23:26:03,198 httpstream DEBUG < access-control-allow-origin: *
2016-10-15 23:26:03,199 httpstream INFO > POST http://hobby-lgmhhkicjildgbkedmhpafnl.dbs.graphenedb.com:24789/db/data/cypher [147]
2016-10-15 23:26:03,199 httpstream DEBUG < content-type: application/json; charset=UTF-8
2016-10-15 23:26:03,199 httpstream DEBUG > Host: hobby-lgmhhkicjildgbkedmhpafnl.dbs.graphenedb.com:24789
2016-10-15 23:26:03,199 py2neo.cypher INFO execute "MATCH (n:ExpressionGraph) -[:IN_TOPIC]->(Topic{name:'naarada'}), (a:Person{person_id: 'asd123'})-[:EXPRESSED]->(n) RETURN n" {}
2016-10-15 23:26:03,199 httpstream DEBUG > Content-Type: application/json
2016-10-15 23:26:03,200 httpstream INFO > POST http://hobby-lgmhhkicjildgbkedmhpafnl.dbs.graphenedb.com:24789/db/data/cypher [147]
2016-10-15 23:26:03,200 httpstream DEBUG > X-Stream: true
2016-10-15 23:26:03,200 httpstream DEBUG > Host: hobby-lgmhhkicjildgbkedmhpafnl.dbs.graphenedb.com:24789
2016-10-15 23:26:03,200 httpstream DEBUG > Authorization: Basic YXBwNTc3MDE0MjMtOGdFQjhyOkoyQjFwQk5HdmlpZVlObTFiTmlT
2016-10-15 23:26:03,200 httpstream DEBUG > Content-Type: application/json
2016-10-15 23:26:03,200 httpstream DEBUG > User-Agent: py2neo/2.0.7 HTTPStream/1.5.0 Python/2.7.10-final-0 (darwin)
2016-10-15 23:26:03,200 httpstream DEBUG > X-Stream: true
2016-10-15 23:26:03,200 httpstream DEBUG > Authorization: Basic YXBwNTc3MDE0MjMtOGdFQjhyOkoyQjFwQk5HdmlpZVlObTFiTmlT
2016-10-15 23:26:03,200 httpstream DEBUG > User-Agent: py2neo/2.0.7 HTTPStream/1.5.0 Python/2.7.10-final-0 (darwin)
2016-10-15 23:26:03,602 httpstream INFO < 200 OK [3678]
2016-10-15 23:26:03,603 httpstream INFO < 200 OK [3678]
2016-10-15 23:26:03,603 httpstream DEBUG < content-length: 3678
2016-10-15 23:26:03,603 httpstream DEBUG < content-length: 3678
2016-10-15 23:26:03,603 httpstream DEBUG < server: nginx
2016-10-15 23:26:03,603 httpstream DEBUG < server: nginx
2016-10-15 23:26:03,604 httpstream DEBUG < connection: keep-alive
2016-10-15 23:26:03,604 httpstream DEBUG < connection: keep-alive
2016-10-15 23:26:03,604 httpstream DEBUG < date: Sat, 15 Oct 2016 17:56:03 GMT
2016-10-15 23:26:03,604 httpstream DEBUG < date: Sat, 15 Oct 2016 17:56:03 GMT
2016-10-15 23:26:03,604 httpstream DEBUG < access-control-allow-origin: *
2016-10-15 23:26:03,604 httpstream DEBUG < access-control-allow-origin: *
2016-10-15 23:26:03,605 httpstream DEBUG < content-type: application/json; charset=UTF-8
2016-10-15 23:26:03,605 httpstream DEBUG < content-type: application/json; charset=UTF-8
2016-10-15 23:26:03,606 py2neo.cypher INFO stream (u'n',)
2016-10-15 23:26:03,606 py2neo.cypher INFO stream (u'n',)
2016-10-15 23:26:03,607 httpstream INFO > GET http://hobby-lgmhhkicjildgbkedmhpafnl.dbs.graphenedb.com:24789/db/data/
2016-10-15 23:26:03,608 httpstream INFO > GET http://hobby-lgmhhkicjildgbkedmhpafnl.dbs.graphenedb.com:24789/db/data/
2016-10-15 23:26:03,609 httpstream DEBUG > Host: hobby-lgmhhkicjildgbkedmhpafnl.dbs.graphenedb.com:24789
2016-10-15 23:26:03,609 httpstream DEBUG > Host: hobby-lgmhhkicjildgbkedmhpafnl.dbs.graphenedb.com:24789
2016-10-15 23:26:03,609 httpstream DEBUG > X-Stream: true
2016-10-15 23:26:03,609 httpstream DEBUG > X-Stream: true
2016-10-15 23:26:03,609 httpstream DEBUG > Authorization: Basic YXBwNTc3MDE0MjMtOGdFQjhyOkoyQjFwQk5HdmlpZVlObTFiTmlT
2016-10-15 23:26:03,609 httpstream DEBUG > Authorization: Basic YXBwNTc3MDE0MjMtOGdFQjhyOkoyQjFwQk5HdmlpZVlObTFiTmlT
2016-10-15 23:26:03,609 httpstream DEBUG > User-Agent: py2neo/2.0.7 HTTPStream/1.5.0 Python/2.7.10-final-0 (darwin)
2016-10-15 23:26:03,609 httpstream DEBUG > User-Agent: py2neo/2.0.7 HTTPStream/1.5.0 Python/2.7.10-final-0 (darwin)
2016-10-15 23:26:04,420 httpstream INFO < 200 OK [1287]
2016-10-15 23:26:04,421 httpstream INFO < 200 OK [1287]
2016-10-15 23:26:04,421 httpstream DEBUG < content-length: 1287
2016-10-15 23:26:04,421 httpstream DEBUG < content-length: 1287
2016-10-15 23:26:04,421 httpstream DEBUG < server: nginx
2016-10-15 23:26:04,421 httpstream DEBUG < connection: keep-alive
2016-10-15 23:26:04,421 httpstream DEBUG < date: Sat, 15 Oct 2016 17:56:04 GMT
2016-10-15 23:26:04,421 httpstream DEBUG < server: nginx
2016-10-15 23:26:04,421 httpstream DEBUG < access-control-allow-origin: *
2016-10-15 23:26:04,422 httpstream DEBUG < content-type: application/json; charset=UTF-8
2016-10-15 23:26:04,421 httpstream DEBUG < connection: keep-alive
2016-10-15 23:26:04,423 httpstream DEBUG < date: Sat, 15 Oct 2016 17:56:04 GMT
2016-10-15 23:26:04,424 httpstream DEBUG < access-control-allow-origin: *
2016-10-15 23:26:04,424 httpstream DEBUG < content-type: application/json; charset=UTF-8
2016-10-15 23:26:04,830 py2neo.cypher INFO execute "MATCH (p:ExpressionGraph{expression_id: '12' }), (e:ExpressionGraph), (p)-[:BROADCAST_OF]->(e) return e" {}
2016-10-15 23:26:04,831 py2neo.cypher INFO execute "MATCH (p:ExpressionGraph{expression_id: '12' }), (e:ExpressionGraph), (p)-[:BROADCAST_OF]->(e) return e" {}
2016-10-15 23:26:04,831 httpstream INFO > POST http://hobby-lgmhhkicjildgbkedmhpafnl.dbs.graphenedb.com:24789/db/data/cypher [127]
2016-10-15 23:26:04,831 httpstream INFO > POST http://hobby-lgmhhkicjildgbkedmhpafnl.dbs.graphenedb.com:24789/db/data/cypher [127]
2016-10-15 23:26:04,831 httpstream DEBUG > Host: hobby-lgmhhkicjildgbkedmhpafnl.dbs.graphenedb.com:24789
2016-10-15 23:26:04,832 httpstream DEBUG > Host: hobby-lgmhhkicjildgbkedmhpafnl.dbs.graphenedb.com:24789
2016-10-15 23:26:04,832 httpstream DEBUG > Content-Type: application/json
2016-10-15 23:26:04,832 httpstream DEBUG > Content-Type: application/json
2016-10-15 23:26:04,832 httpstream DEBUG > X-Stream: true
2016-10-15 23:26:04,832 httpstream DEBUG > X-Stream: true
2016-10-15 23:26:04,832 httpstream DEBUG > Authorization: Basic YXBwNTc3MDE0MjMtOGdFQjhyOkoyQjFwQk5HdmlpZVlObTFiTmlT
2016-10-15 23:26:04,832 httpstream DEBUG > Authorization: Basic YXBwNTc3MDE0MjMtOGdFQjhyOkoyQjFwQk5HdmlpZVlObTFiTmlT
2016-10-15 23:26:04,832 httpstream DEBUG > User-Agent: py2neo/2.0.7 HTTPStream/1.5.0 Python/2.7.10-final-0 (darwin)
2016-10-15 23:26:04,832 httpstream DEBUG > User-Agent: py2neo/2.0.7 HTTPStream/1.5.0 Python/2.7.10-final-0 (darwin)
2016-10-15 23:26:05,243 httpstream INFO < 200 OK [41]
2016-10-15 23:26:05,243 httpstream DEBUG < content-length: 41
2016-10-15 23:26:05,243 httpstream DEBUG < server: nginx
2016-10-15 23:26:05,243 httpstream DEBUG < connection: keep-alive
2016-10-15 23:26:05,243 httpstream DEBUG < date: Sat, 15 Oct 2016 17:56:05 GMT
2016-10-15 23:26:05,243 httpstream DEBUG < access-control-allow-origin: *
2016-10-15 23:26:05,243 httpstream DEBUG < content-type: application/json; charset=UTF-8
2016-10-15 23:26:05,243 py2neo.cypher INFO stream (u'e',)
2016-10-15 23:26:05,245 httpstream INFO < 200 OK [41]
2016-10-15 23:26:05,245 httpstream DEBUG < content-length: 41
2016-10-15 23:26:05,245 httpstream DEBUG < server: nginx
2016-10-15 23:26:05,245 httpstream DEBUG < connection: keep-alive
2016-10-15 23:26:05,246 httpstream DEBUG < date: Sat, 15 Oct 2016 17:56:05 GMT
2016-10-15 23:26:05,246 httpstream DEBUG < access-control-allow-origin: *
2016-10-15 23:26:05,246 httpstream DEBUG < content-type: application/json; charset=UTF-8
2016-10-15 23:26:05,246 py2neo.cypher INFO stream (u'e',)
2016-10-15 23:26:05,650 py2neo.cypher INFO execute "MATCH (p:ExpressionGraph{expression_id: '11' }), (e:ExpressionGraph), (p)-[:BROADCAST_OF]->(e) return e" {}
2016-10-15 23:26:05,650 httpstream INFO > POST http://hobby-lgmhhkicjildgbkedmhpafnl.dbs.graphenedb.com:24789/db/data/cypher [127]
2016-10-15 23:26:05,651 httpstream DEBUG > Host: hobby-lgmhhkicjildgbkedmhpafnl.dbs.graphenedb.com:24789
2016-10-15 23:26:05,651 httpstream DEBUG > Content-Type: application/json
2016-10-15 23:26:05,651 httpstream DEBUG > X-Stream: true
2016-10-15 23:26:05,651 httpstream DEBUG > Authorization: Basic YXBwNTc3MDE0MjMtOGdFQjhyOkoyQjFwQk5HdmlpZVlObTFiTmlT
2016-10-15 23:26:05,651 httpstream DEBUG > User-Agent: py2neo/2.0.7 HTTPStream/1.5.0 Python/2.7.10-final-0 (darwin)
2016-10-15 23:26:05,652 py2neo.cypher INFO execute "MATCH (p:ExpressionGraph{expression_id: '11' }), (e:ExpressionGraph), (p)-[:BROADCAST_OF]->(e) return e" {}
2016-10-15 23:26:05,652 httpstream INFO > POST http://hobby-lgmhhkicjildgbkedmhpafnl.dbs.graphenedb.com:24789/db/data/cypher [127]
2016-10-15 23:26:05,652 httpstream DEBUG > Host: hobby-lgmhhkicjildgbkedmhpafnl.dbs.graphenedb.com:24789
2016-10-15 23:26:05,652 httpstream DEBUG > Content-Type: application/json
2016-10-15 23:26:05,653 httpstream DEBUG > X-Stream: true
2016-10-15 23:26:05,653 httpstream DEBUG > Authorization: Basic YXBwNTc3MDE0MjMtOGdFQjhyOkoyQjFwQk5HdmlpZVlObTFiTmlT
2016-10-15 23:26:05,653 httpstream DEBUG > User-Agent: py2neo/2.0.7 HTTPStream/1.5.0 Python/2.7.10-final-0 (darwin)
2016-10-15 23:26:06,60 httpstream INFO < 200 OK [41]
2016-10-15 23:26:06,60 httpstream INFO < 200 OK [41]
2016-10-15 23:26:06,61 httpstream DEBUG < content-length: 41
2016-10-15 23:26:06,61 httpstream DEBUG < content-length: 41
2016-10-15 23:26:06,61 httpstream DEBUG < server: nginx
2016-10-15 23:26:06,61 httpstream DEBUG < server: nginx
2016-10-15 23:26:06,61 httpstream DEBUG < connection: keep-alive
2016-10-15 23:26:06,61 httpstream DEBUG < connection: keep-alive
2016-10-15 23:26:06,61 httpstream DEBUG < date: Sat, 15 Oct 2016 17:56:06 GMT
2016-10-15 23:26:06,62 httpstream DEBUG < date: Sat, 15 Oct 2016 17:56:06 GMT
2016-10-15 23:26:06,62 httpstream DEBUG < access-control-allow-origin: *
2016-10-15 23:26:06,62 httpstream DEBUG < access-control-allow-origin: *
2016-10-15 23:26:06,62 httpstream DEBUG < content-type: application/json; charset=UTF-8
2016-10-15 23:26:06,62 httpstream DEBUG < content-type: application/json; charset=UTF-8
2016-10-15 23:26:06,62 py2neo.cypher INFO stream (u'e',)
2016-10-15 23:26:06,63 py2neo.cypher INFO stream (u'e',)
2016-10-30 09:33:38,167 root INFO ########### IN - index ###########
2016-10-30 09:33:38,168 root INFO ########### FROM - _wrapped_view ###########
2016-10-30 09:33:38,168 root INFO ########### HAS - ArgInfo(args=['request'], varargs=None, keywords=None, locals={'request': <WSGIRequest: GET '/'>}) ###########
2016-10-30 09:33:38,168 root INFO ########### Index page rendering ###########
2016-10-30 09:33:38,168 root INFO ########### IN - init_session ###########
2016-10-30 09:33:38,168 root INFO ########### FROM - index ###########
2016-10-30 09:33:38,168 root INFO ########### HAS - ArgInfo(args=['request'], varargs=None, keywords=None, locals={'request': <WSGIRequest: GET '/'>}) ###########
2016-10-30 09:33:38,168 root DEBUG ########### Init the session data ###########
2016-10-30 09:33:38,176 root INFO ########### IN - get_expressions ###########
2016-10-30 09:33:38,176 root INFO ########### FROM - index ###########
2016-10-30 09:33:38,176 root INFO ########### HAS - ArgInfo(args=['person_id'], varargs=None, keywords=None, locals={'person_id': 'asd123'}) ###########
2016-10-30 09:33:38,177 root DEBUG ########### Fetching expressions interface.. ###########
2016-10-30 09:33:38,177 root INFO ########### IN - get_expressions_logic ###########
2016-10-30 09:33:38,177 root INFO ########### FROM - get_expressions ###########
2016-10-30 09:33:38,177 root INFO ########### HAS - ArgInfo(args=['person_id'], varargs=None, keywords=None, locals={'person_id': 'asd123'}) ###########
2016-10-30 09:33:38,177 root DEBUG ########### Get Expressions Logic ###########
2016-10-30 09:33:38,177 httpstream INFO > GET http://localhost:7474/db/data/
2016-10-30 09:33:38,177 httpstream DEBUG > Host: localhost:7474
2016-10-30 09:33:38,177 httpstream DEBUG > X-Stream: true
2016-10-30 09:33:38,177 httpstream DEBUG > User-Agent: py2neo/2.0.7 HTTPStream/1.5.0 Python/2.7.10-final-0 (darwin)
2016-10-30 09:33:38,182 httpstream INFO < 200 OK [730]
2016-10-30 09:33:38,182 httpstream DEBUG < date: Sun, 30 Oct 2016 04:03:38 GMT
2016-10-30 09:33:38,182 httpstream DEBUG < access-control-allow-origin: *
2016-10-30 09:33:38,182 httpstream DEBUG < content-type: application/json; charset=UTF-8
2016-10-30 09:33:38,182 httpstream DEBUG < content-length: 730
2016-10-30 09:33:38,182 httpstream DEBUG < server: Jetty(9.2.z-SNAPSHOT)
2016-10-30 09:33:38,183 py2neo.cypher INFO execute "MATCH (n:ExpressionGraph) -[:IN_TOPIC]->(Topic{name:'naarada'}), (a:Person{person_id: 'asd123'})-[:EXPRESSED]->(n) RETURN n" {}
2016-10-30 09:33:38,183 httpstream INFO > POST http://localhost:7474/db/data/cypher [147]
2016-10-30 09:33:38,183 httpstream DEBUG > Host: localhost:7474
2016-10-30 09:33:38,183 httpstream DEBUG > Content-Type: application/json
2016-10-30 09:33:38,183 httpstream DEBUG > X-Stream: true
2016-10-30 09:33:38,183 httpstream DEBUG > User-Agent: py2neo/2.0.7 HTTPStream/1.5.0 Python/2.7.10-final-0 (darwin)
2016-10-30 09:33:38,187 httpstream INFO < 200 OK [41]
2016-10-30 09:33:38,187 httpstream DEBUG < date: Sun, 30 Oct 2016 04:03:38 GMT
2016-10-30 09:33:38,187 httpstream DEBUG < access-control-allow-origin: *
2016-10-30 09:33:38,188 httpstream DEBUG < content-type: application/json; charset=UTF-8
2016-10-30 09:33:38,188 httpstream DEBUG < content-length: 41
2016-10-30 09:33:38,188 httpstream DEBUG < server: Jetty(9.2.z-SNAPSHOT)
2016-10-30 09:33:38,188 py2neo.cypher INFO stream (u'n',)
